<?xml version="1.0" encoding="UTF-8"?>
<!-- Generated by org.testng.reporters.JUnitXMLReporter -->
<testsuite ignored="0" hostname="LAPTOP-76PGCCB3" failures="0" tests="8" name="LoginTests1" time="32.052" errors="0" timestamp="2023-02-10T20:00:26 IST">
  <testcase classname="Tests.ParallelTestingThreadLocal2" name="FacebookTest" time="11.305"/>
  <testcase classname="Tests.ParallelTestingThreadLocal" name="FacebookTest" time="11.3"/>
  <testcase classname="Tests.ParallelTestingThreadLocal2" name="FlipkartTest" time="5.958"/>
  <testcase classname="Tests.ParallelTestingThreadLocal" name="FlipkartTest" time="6.385"/>
  <testcase classname="Tests.ParallelTestingThreadLocal" name="GoogleTest" time="3.835"/>
  <testcase classname="Tests.ParallelTestingThreadLocal2" name="GoogleTest" time="4.15"/>
  <testcase classname="Tests.ParallelTestingThreadLocal" name="MyntraTest" time="7.389"/>
  <testcase classname="Tests.ParallelTestingThreadLocal2" name="MyntraTest" time="7.391"/>
</testsuite> <!-- LoginTests1 -->
