<?xml version="1.0" encoding="UTF-8"?>
<!-- Generated by org.testng.reporters.JUnitXMLReporter -->
<testsuite ignored="0" hostname="LAPTOP-76PGCCB3" failures="0" tests="4" name="LoginTests3" time="44.01" errors="0" timestamp="2023-05-19T21:15:40 IST">
  <testcase classname="Tests.ParallelTestingThreadLocal3" name="FacebookTest" time="6.318"/>
  <testcase classname="Tests.ParallelTestingThreadLocal3" name="FlipkartTest" time="10.272"/>
  <testcase classname="Tests.ParallelTestingThreadLocal3" name="GoogleTest" time="7.907"/>
  <testcase classname="Tests.ParallelTestingThreadLocal3" name="MyntraTest" time="14.877"/>
</testsuite> <!-- LoginTests3 -->
