<?xml version="1.0" encoding="UTF-8"?>
<!-- Generated by org.testng.reporters.JUnitXMLReporter -->
<testsuite ignored="0" hostname="LAPTOP-76PGCCB3" failures="0" tests="8" name="LoginTests4" time="68.064" errors="0" timestamp="2023-05-19T21:16:04 IST">
  <testcase classname="Tests.ParallelTestingThreadLocal4" name="FacebookTest" time="5.895"/>
  <testcase classname="Tests.ParallelTestingThreadLocal3" name="FacebookTest" time="6.318"/>
  <testcase classname="Tests.ParallelTestingThreadLocal4" name="FlipkartTest" time="10.248"/>
  <testcase classname="Tests.ParallelTestingThreadLocal3" name="FlipkartTest" time="10.272"/>
  <testcase classname="Tests.ParallelTestingThreadLocal4" name="GoogleTest" time="7.896"/>
  <testcase classname="Tests.ParallelTestingThreadLocal3" name="GoogleTest" time="7.907"/>
  <testcase classname="Tests.ParallelTestingThreadLocal3" name="MyntraTest" time="14.877"/>
  <testcase classname="Tests.ParallelTestingThreadLocal4" name="MyntraTest" time="39.266"/>
</testsuite> <!-- LoginTests4 -->
