<?xml version="1.0" encoding="UTF-8"?>
<!-- Generated by org.testng.reporters.JUnitXMLReporter -->
<testsuite ignored="0" hostname="LAPTOP-76PGCCB3" failures="0" tests="5" name="LoginTests1" time="102.632" errors="0" timestamp="2023-05-20T08:15:41 IST">
  <testcase classname="Tests.ParallelTestingThreadLocal" name="navigatetosite" time="7.398"/>
  <testcase classname="Tests.ParallelTestingThreadLocal" name="opensearchresults" time="19.266"/>
  <testcase classname="Tests.ParallelTestingThreadLocal" name="opensearchresults" time="18.653"/>
  <testcase classname="Tests.ParallelTestingThreadLocal" name="opensearchresults" time="27.538"/>
  <testcase classname="Tests.ParallelTestingThreadLocal" name="searchforkeywords" time="25.841"/>
</testsuite> <!-- LoginTests1 -->
