<?xml version="1.0" encoding="UTF-8"?>
<!-- Generated by org.testng.reporters.JUnitXMLReporter -->
<testsuite ignored="0" hostname="LAPTOP-76PGCCB3" failures="0" tests="16" name="LoginTests4" time="76.416" errors="0" timestamp="2023-02-10T20:01:43 IST">
  <testcase classname="Tests.ParallelTestingThreadLocal2" name="FacebookTest" time="11.305"/>
  <testcase classname="Tests.ParallelTestingThreadLocal" name="FacebookTest" time="11.3"/>
  <testcase classname="Tests.ParallelTestingThreadLocal2" name="FlipkartTest" time="5.958"/>
  <testcase classname="Tests.ParallelTestingThreadLocal" name="FlipkartTest" time="6.385"/>
  <testcase classname="Tests.ParallelTestingThreadLocal" name="GoogleTest" time="3.835"/>
  <testcase classname="Tests.ParallelTestingThreadLocal2" name="GoogleTest" time="4.15"/>
  <testcase classname="Tests.ParallelTestingThreadLocal" name="MyntraTest" time="7.389"/>
  <testcase classname="Tests.ParallelTestingThreadLocal2" name="MyntraTest" time="7.391"/>
  <testcase classname="Tests.ParallelTestingThreadLocal4" name="FacebookTest" time="3.537"/>
  <testcase classname="Tests.ParallelTestingThreadLocal3" name="FacebookTest" time="3.823"/>
  <testcase classname="Tests.ParallelTestingThreadLocal4" name="FlipkartTest" time="35.03"/>
  <testcase classname="Tests.ParallelTestingThreadLocal3" name="FlipkartTest" time="37.361"/>
  <testcase classname="Tests.ParallelTestingThreadLocal4" name="GoogleTest" time="2.726"/>
  <testcase classname="Tests.ParallelTestingThreadLocal3" name="GoogleTest" time="7.612"/>
  <testcase classname="Tests.ParallelTestingThreadLocal3" name="MyntraTest" time="25.318"/>
  <testcase classname="Tests.ParallelTestingThreadLocal4" name="MyntraTest" time="33.937"/>
</testsuite> <!-- LoginTests4 -->
