<?xml version="1.0" encoding="UTF-8"?>
<testng-results ignored="0" total="4" passed="4" failed="0" skipped="0">
  <reporter-output>
  </reporter-output>
  <suite started-at="2023-02-10T20:00:26 IST" name="Suite" finished-at="2023-02-10T20:01:43 IST" duration-ms="76416">
    <groups>
    </groups>
    <test started-at="2023-02-10T20:00:26 IST" name="LoginTests4" finished-at="2023-02-10T20:01:43 IST" duration-ms="76416">
      <class name="Tests.ParallelTestingThreadLocal4">
        <test-method is-config="true" signature="beforeSuite()[pri:0, instance:Tests.ParallelTestingThreadLocal4@550ee7e5]" started-at="2023-02-10T19:59:53 IST" name="beforeSuite" finished-at="2023-02-10T19:59:54 IST" duration-ms="388" status="PASS">
          <reporter-output>
          </reporter-output>
        </test-method> <!-- beforeSuite -->
        <test-method is-config="true" signature="beforeTest(org.testng.xml.XmlTest)[pri:0, instance:Tests.ParallelTestingThreadLocal4@550ee7e5]" started-at="2023-02-10T20:00:26 IST" name="beforeTest" finished-at="2023-02-10T20:00:26 IST" duration-ms="1" status="PASS">
          <params>
            <param index="0">
              <value>
                <![CDATA[org.testng.xml.XmlTest@526b1ab0]]>
              </value>
            </param>
          </params>
          <reporter-output>
          </reporter-output>
        </test-method> <!-- beforeTest -->
        <test-method is-config="true" signature="beforeClass(org.testng.ITestContext)[pri:0, instance:Tests.ParallelTestingThreadLocal4@550ee7e5]" started-at="2023-02-10T20:00:26 IST" name="beforeClass" finished-at="2023-02-10T20:00:26 IST" duration-ms="1" status="PASS">
          <params>
            <param index="0">
              <value>
                <![CDATA[org.testng.TestRunner@28d18df5]]>
              </value>
            </param>
          </params>
          <reporter-output>
          </reporter-output>
        </test-method> <!-- beforeClass -->
        <test-method is-config="true" signature="setUp(java.lang.reflect.Method)[pri:0, instance:Tests.ParallelTestingThreadLocal4@550ee7e5]" started-at="2023-02-10T20:00:26 IST" name="setUp" finished-at="2023-02-10T20:00:26 IST" duration-ms="2" status="PASS">
          <params>
            <param index="0">
              <value>
                <![CDATA[public void Tests.ParallelTestingThreadLocal4.FacebookTest(java.lang.reflect.Method) throws java.lang.InterruptedException,java.net.MalformedURLException]]>
              </value>
            </param>
          </params>
          <reporter-output>
          </reporter-output>
        </test-method> <!-- setUp -->
        <test-method signature="FacebookTest(java.lang.reflect.Method)[pri:0, instance:Tests.ParallelTestingThreadLocal4@550ee7e5]" started-at="2023-02-10T20:00:26 IST" name="FacebookTest" finished-at="2023-02-10T20:00:30 IST" duration-ms="3537" status="PASS">
          <params>
            <param index="0">
              <value>
                <![CDATA[public void Tests.ParallelTestingThreadLocal4.FacebookTest(java.lang.reflect.Method) throws java.lang.InterruptedException,java.net.MalformedURLException]]>
              </value>
            </param>
          </params>
          <reporter-output>
          </reporter-output>
        </test-method> <!-- FacebookTest -->
        <test-method is-config="true" signature="tearDown(org.testng.ITestResult)[pri:0, instance:Tests.ParallelTestingThreadLocal4@550ee7e5]" started-at="2023-02-10T20:00:30 IST" name="tearDown" finished-at="2023-02-10T20:00:30 IST" duration-ms="366" status="PASS">
          <params>
            <param index="0">
              <value>
                <![CDATA[[TestResult name=FacebookTest status=SUCCESS method=ParallelTestingThreadLocal4.FacebookTest(java.lang.reflect.Method)[pri:0, instance:Tests.ParallelTestingThreadLocal4@550ee7e5] output={null}]]]>
              </value>
            </param>
          </params>
          <reporter-output>
          </reporter-output>
        </test-method> <!-- tearDown -->
        <test-method signature="FlipkartTest(java.lang.reflect.Method)[pri:0, instance:Tests.ParallelTestingThreadLocal4@550ee7e5]" started-at="2023-02-10T20:00:30 IST" name="FlipkartTest" finished-at="2023-02-10T20:01:05 IST" duration-ms="35030" status="PASS">
          <params>
            <param index="0">
              <value>
                <![CDATA[public void Tests.ParallelTestingThreadLocal4.FlipkartTest(java.lang.reflect.Method) throws java.lang.InterruptedException,java.net.MalformedURLException]]>
              </value>
            </param>
          </params>
          <reporter-output>
          </reporter-output>
        </test-method> <!-- FlipkartTest -->
        <test-method is-config="true" signature="setUp(java.lang.reflect.Method)[pri:0, instance:Tests.ParallelTestingThreadLocal4@550ee7e5]" started-at="2023-02-10T20:00:30 IST" name="setUp" finished-at="2023-02-10T20:00:30 IST" duration-ms="0" status="PASS">
          <params>
            <param index="0">
              <value>
                <![CDATA[public void Tests.ParallelTestingThreadLocal4.FlipkartTest(java.lang.reflect.Method) throws java.lang.InterruptedException,java.net.MalformedURLException]]>
              </value>
            </param>
          </params>
          <reporter-output>
          </reporter-output>
        </test-method> <!-- setUp -->
        <test-method is-config="true" signature="tearDown(org.testng.ITestResult)[pri:0, instance:Tests.ParallelTestingThreadLocal4@550ee7e5]" started-at="2023-02-10T20:01:05 IST" name="tearDown" finished-at="2023-02-10T20:01:05 IST" duration-ms="360" status="PASS">
          <params>
            <param index="0">
              <value>
                <![CDATA[[TestResult name=FlipkartTest status=SUCCESS method=ParallelTestingThreadLocal4.FlipkartTest(java.lang.reflect.Method)[pri:0, instance:Tests.ParallelTestingThreadLocal4@550ee7e5] output={null}]]]>
              </value>
            </param>
          </params>
          <reporter-output>
          </reporter-output>
        </test-method> <!-- tearDown -->
        <test-method is-config="true" signature="setUp(java.lang.reflect.Method)[pri:0, instance:Tests.ParallelTestingThreadLocal4@550ee7e5]" started-at="2023-02-10T20:01:05 IST" name="setUp" finished-at="2023-02-10T20:01:05 IST" duration-ms="1" status="PASS">
          <params>
            <param index="0">
              <value>
                <![CDATA[public void Tests.ParallelTestingThreadLocal4.GoogleTest(java.lang.reflect.Method) throws java.lang.InterruptedException,java.net.MalformedURLException]]>
              </value>
            </param>
          </params>
          <reporter-output>
          </reporter-output>
        </test-method> <!-- setUp -->
        <test-method signature="GoogleTest(java.lang.reflect.Method)[pri:0, instance:Tests.ParallelTestingThreadLocal4@550ee7e5]" started-at="2023-02-10T20:01:05 IST" name="GoogleTest" finished-at="2023-02-10T20:01:08 IST" duration-ms="2726" status="PASS">
          <params>
            <param index="0">
              <value>
                <![CDATA[public void Tests.ParallelTestingThreadLocal4.GoogleTest(java.lang.reflect.Method) throws java.lang.InterruptedException,java.net.MalformedURLException]]>
              </value>
            </param>
          </params>
          <reporter-output>
          </reporter-output>
        </test-method> <!-- GoogleTest -->
        <test-method is-config="true" signature="tearDown(org.testng.ITestResult)[pri:0, instance:Tests.ParallelTestingThreadLocal4@550ee7e5]" started-at="2023-02-10T20:01:08 IST" name="tearDown" finished-at="2023-02-10T20:01:08 IST" duration-ms="265" status="PASS">
          <params>
            <param index="0">
              <value>
                <![CDATA[[TestResult name=GoogleTest status=SUCCESS method=ParallelTestingThreadLocal4.GoogleTest(java.lang.reflect.Method)[pri:0, instance:Tests.ParallelTestingThreadLocal4@550ee7e5] output={null}]]]>
              </value>
            </param>
          </params>
          <reporter-output>
          </reporter-output>
        </test-method> <!-- tearDown -->
        <test-method signature="MyntraTest(java.lang.reflect.Method)[pri:0, instance:Tests.ParallelTestingThreadLocal4@550ee7e5]" started-at="2023-02-10T20:01:08 IST" name="MyntraTest" finished-at="2023-02-10T20:01:42 IST" duration-ms="33937" status="PASS">
          <params>
            <param index="0">
              <value>
                <![CDATA[public void Tests.ParallelTestingThreadLocal4.MyntraTest(java.lang.reflect.Method) throws java.lang.InterruptedException,java.net.MalformedURLException]]>
              </value>
            </param>
          </params>
          <reporter-output>
          </reporter-output>
        </test-method> <!-- MyntraTest -->
        <test-method is-config="true" signature="setUp(java.lang.reflect.Method)[pri:0, instance:Tests.ParallelTestingThreadLocal4@550ee7e5]" started-at="2023-02-10T20:01:08 IST" name="setUp" finished-at="2023-02-10T20:01:08 IST" duration-ms="0" status="PASS">
          <params>
            <param index="0">
              <value>
                <![CDATA[public void Tests.ParallelTestingThreadLocal4.MyntraTest(java.lang.reflect.Method) throws java.lang.InterruptedException,java.net.MalformedURLException]]>
              </value>
            </param>
          </params>
          <reporter-output>
          </reporter-output>
        </test-method> <!-- setUp -->
        <test-method is-config="true" signature="tearDown(org.testng.ITestResult)[pri:0, instance:Tests.ParallelTestingThreadLocal4@550ee7e5]" started-at="2023-02-10T20:01:42 IST" name="tearDown" finished-at="2023-02-10T20:01:43 IST" duration-ms="165" status="PASS">
          <params>
            <param index="0">
              <value>
                <![CDATA[[TestResult name=MyntraTest status=SUCCESS method=ParallelTestingThreadLocal4.MyntraTest(java.lang.reflect.Method)[pri:0, instance:Tests.ParallelTestingThreadLocal4@550ee7e5] output={null}]]]>
              </value>
            </param>
          </params>
          <reporter-output>
          </reporter-output>
        </test-method> <!-- tearDown -->
        <test-method is-config="true" signature="afterClass()[pri:0, instance:Tests.ParallelTestingThreadLocal4@550ee7e5]" started-at="2023-02-10T20:01:43 IST" name="afterClass" finished-at="2023-02-10T20:01:43 IST" duration-ms="8" status="PASS">
          <reporter-output>
          </reporter-output>
        </test-method> <!-- afterClass -->
        <test-method is-config="true" signature="testDown()[pri:0, instance:Tests.ParallelTestingThreadLocal4@550ee7e5]" started-at="2023-02-10T20:01:43 IST" name="testDown" finished-at="2023-02-10T20:01:43 IST" duration-ms="1" status="PASS">
          <reporter-output>
          </reporter-output>
        </test-method> <!-- testDown -->
      </class> <!-- Tests.ParallelTestingThreadLocal4 -->
    </test> <!-- LoginTests4 -->
  </suite> <!-- Suite -->
</testng-results>
