<?xml version="1.0" encoding="UTF-8"?>
<!-- Generated by org.testng.reporters.JUnitReportReporter -->
<testsuite hostname="LAPTOP-76PGCCB3" failures="0" tests="5" name="Tests.ParallelTestingThreadLocal" time="0.000" errors="1" timestamp="2022-10-08T06:44:12 IST" skipped="4">
  <testcase classname="Tests.ParallelTestingThreadLocal" name="FlipkartTest" time="0.000">
    <skipped/>
  </testcase> <!-- FlipkartTest -->
  <testcase classname="Tests.ParallelTestingThreadLocal" name="FacebookTest" time="0.000">
    <skipped/>
  </testcase> <!-- FacebookTest -->
  <testcase classname="Tests.ParallelTestingThreadLocal" name="beforeClass" time="0.000">
    <error message="Cannot invoke &quot;com.aventstack.extentreports.ExtentTest.createNode(String)&quot; because the return value of &quot;java.lang.ThreadLocal.get()&quot; is null" type="java.lang.NullPointerException">
      <![CDATA[java.lang.NullPointerException: Cannot invoke "com.aventstack.extentreports.ExtentTest.createNode(String)" because the return value of "java.lang.ThreadLocal.get()" is null
at testBase.BaseTest.beforeClass(BaseTest.java:76)
at java.base/jdk.internal.reflect.NativeMethodAccessorImpl.invoke0(Native Method)
at java.base/jdk.internal.reflect.NativeMethodAccessorImpl.invoke(NativeMethodAccessorImpl.java:77)
at java.base/jdk.internal.reflect.DelegatingMethodAccessorImpl.invoke(DelegatingMethodAccessorImpl.java:43)
at java.base/java.lang.reflect.Method.invoke(Method.java:568)
at org.testng.internal.MethodInvocationHelper.invokeMethod(MethodInvocationHelper.java:133)
at org.testng.internal.MethodInvocationHelper.invokeMethodConsideringTimeout(MethodInvocationHelper.java:62)
at org.testng.internal.ConfigInvoker.invokeConfigurationMethod(ConfigInvoker.java:340)
at org.testng.internal.ConfigInvoker.invokeConfigurations(ConfigInvoker.java:294)
at org.testng.internal.TestMethodWorker.invokeBeforeClassMethods(TestMethodWorker.java:176)
at org.testng.internal.TestMethodWorker.run(TestMethodWorker.java:122)
at java.base/java.util.concurrent.ThreadPoolExecutor.runWorker(ThreadPoolExecutor.java:1136)
at java.base/java.util.concurrent.ThreadPoolExecutor$Worker.run(ThreadPoolExecutor.java:635)
at java.base/java.lang.Thread.run(Thread.java:833)
]]>
    </error>
  </testcase> <!-- beforeClass -->
  <testcase classname="Tests.ParallelTestingThreadLocal" name="MyntraTest" time="0.000">
    <skipped/>
  </testcase> <!-- MyntraTest -->
  <testcase classname="Tests.ParallelTestingThreadLocal" name="GoogleTest" time="0.000">
    <skipped/>
  </testcase> <!-- GoogleTest -->
</testsuite> <!-- Tests.ParallelTestingThreadLocal -->
